[22:08:09] [Server thread/INFO]: Starting minecraft server version 1.8.8
[22:08:09] [Server thread/WARN]: To start the server with more ram, launch it as "java -Xmx1024M -Xms1024M -jar minecraft_server.jar"
[22:08:09] [Server thread/INFO]: Loading properties
[22:08:10] [Server thread/INFO]: Default game type: SURVIVAL
[22:08:12] [Server thread/INFO]: This server is running PandaSpigot version git-PandaSpigot-85 (MC: 1.8.8) (Implementing API version 1.8.8-R0.1-SNAPSHOT) (Git: 158d845)
[22:08:13] [Server thread/INFO]: Server Ping Player Sample Count: 12
[22:08:13] [Server thread/INFO]: Spigot Timings: true - Verbose: true - Interval: 5m - Length: 60m
[22:08:13] [Server thread/INFO]: Using 4 threads for Netty based IO
[22:08:13] [Server thread/INFO]: Debug logging is disabled
[22:08:15] [Server thread/INFO]: Data value allowed items: 
[22:08:15] [Server thread/INFO]: Generating keypair
[22:08:17] [Server thread/INFO]: Starting Minecraft server on localhost:25565
[22:08:17] [Server thread/INFO]: Set PluginClassLoader as parallel capable
[22:08:17] [Server thread/INFO]: [ProtocolSupport] Loading ProtocolSupport v4.23.dev
[22:08:17] [Server thread/INFO]: [ProtocolSupport] Allocator: PooledByteBufAllocator(directByDefault: true), direct: true
[22:08:17] [Server thread/INFO]: [ProtocolSupport] Compression level: 3
[22:08:18] [Server thread/INFO]: [ProtocolSupport] Assume 1.5.2 ping delay: 100
[22:08:18] [Server thread/INFO]: [ProtocolSupport] Assume legacy ping dealy: 200
[22:08:18] [Server thread/INFO]: [ProtocolSupport] Login threads max count: 8, keep alive time: 60
[22:08:18] [Server thread/WARN]: [ProtocolSupport] Native transport is enabled, this may causes issues. Disable it by setting use-native-transport in server.properties to false.
[22:08:18] [Server thread/INFO]: [ProtocolSupport] Using injected ServerConnection
[22:08:18] [Server thread/INFO]: [ProtocolSupport] Enabling ProtocolSupport v4.23.dev
[22:08:18] [Server thread/WARN]: **** SERVER IS RUNNING IN OFFLINE/INSECURE MODE!
[22:08:18] [Server thread/WARN]: The server will make no attempt to authenticate usernames. Beware.
[22:08:18] [Server thread/WARN]: While this makes the game possible to play without internet access, it also opens up the ability for hackers to connect with any username they choose.
[22:08:18] [Server thread/WARN]: To change this, set "online-mode" to "true" in the server.properties file.
[22:08:18] [Server thread/INFO]: **** Beginning UUID conversion, this may take A LONG time ****
[22:08:18] [Server thread/INFO]: Preparing level "world"
[22:08:18] [Server thread/INFO]: -------- World Settings For [world] --------
[22:08:18] [Server thread/INFO]: Chunks to Grow per Tick: 650
[22:08:18] [Server thread/INFO]: Clear tick list: false
[22:08:18] [Server thread/INFO]: Experience Merge Radius: 3.0
[22:08:18] [Server thread/INFO]: Entity Activation Range: An 32 / Mo 32 / Mi 16
[22:08:18] [Server thread/INFO]: Entity Tracking Range: Pl 48 / An 48 / Mo 48 / Mi 32 / Other 64
[22:08:18] [Server thread/INFO]: Hopper Transfer: 8 Hopper Check: 8 Hopper Amount: 1
[22:08:18] [Server thread/INFO]: Random Lighting Updates: false
[22:08:18] [Server thread/INFO]: Structure Info Saving: true
[22:08:18] [Server thread/INFO]: Anti X-Ray: true
[22:08:18] [Server thread/INFO]: 	Engine Mode: 1
[22:08:18] [Server thread/INFO]: 	Hidden Blocks: [14, 15, 16, 21, 48, 49, 54, 56, 73, 74, 82, 129, 130]
[22:08:18] [Server thread/INFO]: 	Replace Blocks: [1, 5]
[22:08:18] [Server thread/INFO]: Mob Spawn Range: 4
[22:08:18] [Server thread/INFO]: Cactus Growth Modifier: 100%
[22:08:18] [Server thread/INFO]: Cane Growth Modifier: 100%
[22:08:18] [Server thread/INFO]: Melon Growth Modifier: 100%
[22:08:18] [Server thread/INFO]: Mushroom Growth Modifier: 100%
[22:08:18] [Server thread/INFO]: Pumpkin Growth Modifier: 100%
[22:08:18] [Server thread/INFO]: Sapling Growth Modifier: 100%
[22:08:18] [Server thread/INFO]: Wheat Growth Modifier: 100%
[22:08:18] [Server thread/INFO]: NetherWart Growth Modifier: 100%
[22:08:18] [Server thread/INFO]: Nerfing mobs spawned from spawners: false
[22:08:18] [Server thread/INFO]: Sending up to 10 chunks per packet
[22:08:18] [Server thread/INFO]: Max Entity Collisions: 8
[22:08:18] [Server thread/INFO]: Custom Map Seeds:  Village: 10387312 Feature: 14357617
[22:08:18] [Server thread/INFO]: Max TNT Explosions: 100
[22:08:18] [Server thread/INFO]: Tile Max Tick Time: 50ms Entity max Tick Time: 50ms
[22:08:18] [Server thread/INFO]: Item Despawn Rate: 6000
[22:08:18] [Server thread/INFO]: Item Merge Radius: 2.5
[22:08:18] [Server thread/INFO]: Arrow Despawn Rate: 1200
[22:08:18] [Server thread/INFO]: Allow Zombie Pigmen to spawn from portal blocks: true
[22:08:18] [Server thread/INFO]: View Distance: 10
[22:08:18] [Server thread/INFO]: Zombie Aggressive Towards Villager: true
[22:08:19] [Server thread/INFO]: -------- World Settings For [world] --------
[22:08:19] [Server thread/INFO]: Keep spawn chunk loaded: true
[22:08:19] [Server thread/INFO]: WorldServer TickNextTick cap set at 10000
[22:08:19] [Server thread/INFO]: WorldServer TickNextTickList cap always processes redstone: false
[22:08:19] [Server thread/INFO]: World async lighting: false
[22:08:19] [Server thread/INFO]: Remove invalid mob spawner tile entities: true
[22:08:19] [Server thread/INFO]: Living Entity Despawn Ranges:  Soft: 32 Hard: 128
[22:08:19] [Server thread/INFO]: Squids will spawn between Y: 45.0 and Y: 63.0
[22:08:19] [Server thread/INFO]: Max height for cactus growth 3. Max height for reed growth 3
[22:08:19] [Server thread/INFO]: Player blocking damage multiplier set to 0.5
[22:08:19] [Server thread/INFO]: Water over lava flow speed: 5
[22:08:19] [Server thread/INFO]: Fix TNT cannons: false
[22:08:19] [Server thread/INFO]: Allow undead horse types to be leashed: false
[22:08:20] [Server thread/INFO]: -------- World Settings For [world_nether] --------
[22:08:20] [Server thread/INFO]: Chunks to Grow per Tick: 650
[22:08:20] [Server thread/INFO]: Clear tick list: false
[22:08:20] [Server thread/INFO]: Experience Merge Radius: 3.0
[22:08:21] [Server thread/INFO]: Entity Activation Range: An 32 / Mo 32 / Mi 16
[22:08:21] [Server thread/INFO]: Entity Tracking Range: Pl 48 / An 48 / Mo 48 / Mi 32 / Other 64
[22:08:21] [Server thread/INFO]: Hopper Transfer: 8 Hopper Check: 8 Hopper Amount: 1
[22:08:21] [Server thread/INFO]: Random Lighting Updates: false
[22:08:21] [Server thread/INFO]: Structure Info Saving: true
[22:08:21] [Server thread/INFO]: Anti X-Ray: true
[22:08:21] [Server thread/INFO]: 	Engine Mode: 1
[22:08:21] [Server thread/INFO]: 	Hidden Blocks: [14, 15, 16, 21, 48, 49, 54, 56, 73, 74, 82, 129, 130]
[22:08:21] [Server thread/INFO]: 	Replace Blocks: [1, 5]
[22:08:21] [Server thread/INFO]: Mob Spawn Range: 4
[22:08:21] [Server thread/INFO]: Cactus Growth Modifier: 100%
[22:08:21] [Server thread/INFO]: Cane Growth Modifier: 100%
[22:08:21] [Server thread/INFO]: Melon Growth Modifier: 100%
[22:08:21] [Server thread/INFO]: Mushroom Growth Modifier: 100%
[22:08:21] [Server thread/INFO]: Pumpkin Growth Modifier: 100%
[22:08:21] [Server thread/INFO]: Sapling Growth Modifier: 100%
[22:08:21] [Server thread/INFO]: Wheat Growth Modifier: 100%
[22:08:21] [Server thread/INFO]: NetherWart Growth Modifier: 100%
[22:08:21] [Server thread/INFO]: Nerfing mobs spawned from spawners: false
[22:08:21] [Server thread/INFO]: Sending up to 10 chunks per packet
[22:08:21] [Server thread/INFO]: Max Entity Collisions: 8
[22:08:21] [Server thread/INFO]: Custom Map Seeds:  Village: 10387312 Feature: 14357617
[22:08:21] [Server thread/INFO]: Max TNT Explosions: 100
[22:08:21] [Server thread/INFO]: Tile Max Tick Time: 50ms Entity max Tick Time: 50ms
[22:08:21] [Server thread/INFO]: Item Despawn Rate: 6000
[22:08:21] [Server thread/INFO]: Item Merge Radius: 2.5
[22:08:21] [Server thread/INFO]: Arrow Despawn Rate: 1200
[22:08:21] [Server thread/INFO]: Allow Zombie Pigmen to spawn from portal blocks: true
[22:08:21] [Server thread/INFO]: View Distance: 10
[22:08:21] [Server thread/INFO]: Zombie Aggressive Towards Villager: true
[22:08:21] [Server thread/INFO]: -------- World Settings For [world_nether] --------
[22:08:21] [Server thread/INFO]: Keep spawn chunk loaded: true
[22:08:21] [Server thread/INFO]: WorldServer TickNextTick cap set at 10000
[22:08:21] [Server thread/INFO]: WorldServer TickNextTickList cap always processes redstone: false
[22:08:21] [Server thread/INFO]: World async lighting: false
[22:08:21] [Server thread/INFO]: Remove invalid mob spawner tile entities: true
[22:08:21] [Server thread/INFO]: Living Entity Despawn Ranges:  Soft: 32 Hard: 128
[22:08:21] [Server thread/INFO]: Squids will spawn between Y: 45.0 and Y: 63.0
[22:08:21] [Server thread/INFO]: Max height for cactus growth 3. Max height for reed growth 3
[22:08:21] [Server thread/INFO]: Player blocking damage multiplier set to 0.5
[22:08:21] [Server thread/INFO]: Water over lava flow speed: 5
[22:08:21] [Server thread/INFO]: Fix TNT cannons: false
[22:08:21] [Server thread/INFO]: Allow undead horse types to be leashed: false
[22:08:21] [Server thread/INFO]: -------- World Settings For [world_the_end] --------
[22:08:21] [Server thread/INFO]: Chunks to Grow per Tick: 650
[22:08:21] [Server thread/INFO]: Clear tick list: false
[22:08:21] [Server thread/INFO]: Experience Merge Radius: 3.0
[22:08:21] [Server thread/INFO]: Entity Activation Range: An 32 / Mo 32 / Mi 16
[22:08:21] [Server thread/INFO]: Entity Tracking Range: Pl 48 / An 48 / Mo 48 / Mi 32 / Other 64
[22:08:21] [Server thread/INFO]: Hopper Transfer: 8 Hopper Check: 8 Hopper Amount: 1
[22:08:21] [Server thread/INFO]: Random Lighting Updates: false
[22:08:21] [Server thread/INFO]: Structure Info Saving: true
[22:08:21] [Server thread/INFO]: Anti X-Ray: true
[22:08:21] [Server thread/INFO]: 	Engine Mode: 1
[22:08:21] [Server thread/INFO]: 	Hidden Blocks: [14, 15, 16, 21, 48, 49, 54, 56, 73, 74, 82, 129, 130]
[22:08:21] [Server thread/INFO]: 	Replace Blocks: [1, 5]
[22:08:21] [Server thread/INFO]: Mob Spawn Range: 4
[22:08:21] [Server thread/INFO]: Cactus Growth Modifier: 100%
[22:08:21] [Server thread/INFO]: Cane Growth Modifier: 100%
[22:08:21] [Server thread/INFO]: Melon Growth Modifier: 100%
[22:08:21] [Server thread/INFO]: Mushroom Growth Modifier: 100%
[22:08:21] [Server thread/INFO]: Pumpkin Growth Modifier: 100%
[22:08:21] [Server thread/INFO]: Sapling Growth Modifier: 100%
[22:08:21] [Server thread/INFO]: Wheat Growth Modifier: 100%
[22:08:21] [Server thread/INFO]: NetherWart Growth Modifier: 100%
[22:08:21] [Server thread/INFO]: Nerfing mobs spawned from spawners: false
[22:08:21] [Server thread/INFO]: Sending up to 10 chunks per packet
[22:08:21] [Server thread/INFO]: Max Entity Collisions: 8
[22:08:21] [Server thread/INFO]: Custom Map Seeds:  Village: 10387312 Feature: 14357617
[22:08:21] [Server thread/INFO]: Max TNT Explosions: 100
[22:08:21] [Server thread/INFO]: Tile Max Tick Time: 50ms Entity max Tick Time: 50ms
[22:08:21] [Server thread/INFO]: Item Despawn Rate: 6000
[22:08:21] [Server thread/INFO]: Item Merge Radius: 2.5
[22:08:21] [Server thread/INFO]: Arrow Despawn Rate: 1200
[22:08:21] [Server thread/INFO]: Allow Zombie Pigmen to spawn from portal blocks: true
[22:08:21] [Server thread/INFO]: View Distance: 10
[22:08:21] [Server thread/INFO]: Zombie Aggressive Towards Villager: true
[22:08:21] [Server thread/INFO]: -------- World Settings For [world_the_end] --------
[22:08:21] [Server thread/INFO]: Keep spawn chunk loaded: true
[22:08:21] [Server thread/INFO]: WorldServer TickNextTick cap set at 10000
[22:08:21] [Server thread/INFO]: WorldServer TickNextTickList cap always processes redstone: false
[22:08:21] [Server thread/INFO]: World async lighting: false
[22:08:21] [Server thread/INFO]: Remove invalid mob spawner tile entities: true
[22:08:21] [Server thread/INFO]: Living Entity Despawn Ranges:  Soft: 32 Hard: 128
[22:08:21] [Server thread/INFO]: Squids will spawn between Y: 45.0 and Y: 63.0
[22:08:21] [Server thread/INFO]: Max height for cactus growth 3. Max height for reed growth 3
[22:08:21] [Server thread/INFO]: Player blocking damage multiplier set to 0.5
[22:08:21] [Server thread/INFO]: Water over lava flow speed: 5
[22:08:21] [Server thread/INFO]: Fix TNT cannons: false
[22:08:21] [Server thread/INFO]: Allow undead horse types to be leashed: false
[22:08:21] [Server thread/INFO]: Preparing start region for level 0 (Seed: 724896341496130291)
[22:08:22] [Server thread/INFO]: Preparing spawn area: 1%
[22:08:23] [Server thread/INFO]: Preparing spawn area: 2%
[22:08:24] [Server thread/INFO]: Preparing spawn area: 3%
[22:08:25] [Server thread/INFO]: Preparing spawn area: 4%
[22:08:26] [Server thread/INFO]: Preparing spawn area: 5%
[22:08:27] [Server thread/INFO]: Preparing spawn area: 6%
[22:08:28] [Server thread/INFO]: Preparing spawn area: 7%
[22:08:30] [Server thread/INFO]: Preparing spawn area: 8%
[22:08:32] [Server thread/INFO]: Preparing spawn area: 8%
[22:08:33] [Server thread/INFO]: Preparing spawn area: 9%
[22:08:34] [Server thread/INFO]: Preparing spawn area: 10%
[22:08:35] [Server thread/INFO]: Preparing spawn area: 11%
[22:08:36] [Server thread/INFO]: Preparing spawn area: 12%
[22:08:37] [Server thread/INFO]: Preparing spawn area: 13%
[22:08:38] [Server thread/INFO]: Preparing spawn area: 14%
[22:08:39] [Server thread/INFO]: Preparing spawn area: 15%
[22:08:40] [Server thread/INFO]: Preparing spawn area: 16%
[22:08:41] [Server thread/INFO]: Preparing spawn area: 17%
[22:08:42] [Server thread/INFO]: Preparing spawn area: 18%
[22:08:43] [Server thread/INFO]: Preparing spawn area: 20%
[22:08:44] [Server thread/INFO]: Preparing spawn area: 21%
[22:08:45] [Server thread/INFO]: Preparing spawn area: 23%
[22:08:46] [Server thread/INFO]: Preparing spawn area: 24%
[22:08:47] [Server thread/INFO]: Preparing spawn area: 26%
[22:08:48] [Server thread/INFO]: Preparing spawn area: 28%
[22:08:50] [Server thread/INFO]: Preparing spawn area: 29%
